# JRE version: 7.0_25-b17
# Java VM: Java HotSpot(TM) 64-Bit Server VM (23.25-b01 mixed mode windows-amd64 compressed oops)
Heap
 PSYoungGen      total 133824K, used 101562K [0x00000000eb360000, 0x00000000f8d90000, 0x0000000100000000)
  eden space 125376K, 74% used [0x00000000eb360000,0x00000000f0e52208,0x00000000f2dd0000)
  from space 8448K, 99% used [0x00000000f2dd0000,0x00000000f360c970,0x00000000f3610000)
  to   space 11392K, 0% used [0x00000000f8270000,0x00000000f8270000,0x00000000f8d90000)
 ParOldGen       total 42624K, used 8952K [0x00000000c1a00000, 0x00000000c43a0000, 0x00000000eb360000)
  object space 42624K, 21% used [0x00000000c1a00000,0x00000000c22be3e8,0x00000000c43a0000)
 PSPermGen       total 21248K, used 2776K [0x00000000bc800000, 0x00000000bdcc0000, 0x00000000c1a00000)
  object space 21248K, 13% used [0x00000000bc800000,0x00000000bcab6190,0x00000000bdcc0000)
GC Heap History (10 events):
Event: 2.016 GC heap before
{Heap before GC invocations=5 (full 0):
 PSYoungGen      total 34624K, used 34608K [0x00000000eb360000, 0x00000000ed7c0000, 0x0000000100000000)
  eden space 32000K, 100% used [0x00000000eb360000,0x00000000ed2a0000,0x00000000ed2a0000)
  from space 2624K, 99% used [0x00000000ed530000,0x00000000ed7bc040,0x00000000ed7c0000)
  to   space 2624K, 0% used [0x00000000ed2a0000,0x00000000ed2a0000,0x00000000ed530000)
 ParOldGen       total 42624K, used 776K [0x00000000c1a00000, 0x00000000c43a0000, 0x00000000eb360000)
  object space 42624K, 1% used [0x00000000c1a00000,0x00000000c1ac2000,0x00000000c43a0000)
 PSPermGen       total 21248K, used 2734K [0x00000000bc800000, 0x00000000bdcc0000, 0x00000000c1a00000)
  object space 21248K, 12% used [0x00000000bc800000,0x00000000bcaaba68,0x00000000bdcc0000)
Event: 2.020 GC heap after
Heap after GC invocations=5 (full 0):
 PSYoungGen      total 34624K, used 2592K [0x00000000eb360000, 0x00000000efb20000, 0x0000000100000000)
  eden space 32000K, 0% used [0x00000000eb360000,0x00000000eb360000,0x00000000ed2a0000)
  from space 2624K, 98% used [0x00000000ed2a0000,0x00000000ed528050,0x00000000ed530000)
  to   space 4736K, 0% used [0x00000000ef680000,0x00000000ef680000,0x00000000efb20000)
 ParOldGen       total 42624K, used 2224K [0x00000000c1a00000, 0x00000000c43a0000, 0x00000000eb360000)
  object space 42624K, 5% used [0x00000000c1a00000,0x00000000c1c2c000,0x00000000c43a0000)
 PSPermGen       total 21248K, used 2734K [0x00000000bc800000, 0x00000000bdcc0000, 0x00000000c1a00000)
  object space 21248K, 12% used [0x00000000bc800000,0x00000000bcaaba68,0x00000000bdcc0000)
}
Event: 2.042 GC heap before
{Heap before GC invocations=6 (full 0):
 PSYoungGen      total 34624K, used 34592K [0x00000000eb360000, 0x00000000efb20000, 0x0000000100000000)
  eden space 32000K, 100% used [0x00000000eb360000,0x00000000ed2a0000,0x00000000ed2a0000)
  from space 2624K, 98% used [0x00000000ed2a0000,0x00000000ed528050,0x00000000ed530000)
  to   space 4736K, 0% used [0x00000000ef680000,0x00000000ef680000,0x00000000efb20000)
 ParOldGen       total 42624K, used 2224K [0x00000000c1a00000, 0x00000000c43a0000, 0x00000000eb360000)
  object space 42624K, 5% used [0x00000000c1a00000,0x00000000c1c2c000,0x00000000c43a0000)
 PSPermGen       total 21248K, used 2734K [0x00000000bc800000, 0x00000000bdcc0000, 0x00000000c1a00000)
  object space 21248K, 12% used [0x00000000bc800000,0x00000000bcaaba68,0x00000000bdcc0000)
Event: 2.046 GC heap after
Heap after GC invocations=6 (full 0):
 PSYoungGen      total 68224K, used 4056K [0x00000000eb360000, 0x00000000efc20000, 0x0000000100000000)
  eden space 63488K, 0% used [0x00000000eb360000,0x00000000eb360000,0x00000000ef160000)
  from space 4736K, 85% used [0x00000000ef680000,0x00000000efa761f8,0x00000000efb20000)
  to   space 5248K, 0% used [0x00000000ef160000,0x00000000ef160000,0x00000000ef680000)
 ParOldGen       total 42624K, used 2232K [0x00000000c1a00000, 0x00000000c43a0000, 0x00000000eb360000)
  object space 42624K, 5% used [0x00000000c1a00000,0x00000000c1c2e000,0x00000000c43a0000)
 PSPermGen       total 21248K, used 2734K [0x00000000bc800000, 0x00000000bdcc0000, 0x00000000c1a00000)
  object space 21248K, 12% used [0x00000000bc800000,0x00000000bcaaba68,0x00000000bdcc0000)
}
Event: 2.105 GC heap before
{Heap before GC invocations=7 (full 0):
 PSYoungGen      total 68224K, used 67544K [0x00000000eb360000, 0x00000000efc20000, 0x0000000100000000)
  eden space 63488K, 100% used [0x00000000eb360000,0x00000000ef160000,0x00000000ef160000)
  from space 4736K, 85% used [0x00000000ef680000,0x00000000efa761f8,0x00000000efb20000)
  to   space 5248K, 0% used [0x00000000ef160000,0x00000000ef160000,0x00000000ef680000)
 ParOldGen       total 42624K, used 2232K [0x00000000c1a00000, 0x00000000c43a0000, 0x00000000eb360000)
  object space 42624K, 5% used [0x00000000c1a00000,0x00000000c1c2e000,0x00000000c43a0000)
 PSPermGen       total 21248K, used 2734K [0x00000000bc800000, 0x00000000bdcc0000, 0x00000000c1a00000)
  object space 21248K, 12% used [0x00000000bc800000,0x00000000bcaaba68,0x00000000bdcc0000)
Event: 2.114 GC heap after
Heap after GC invocations=7 (full 0):
 PSYoungGen      total 68736K, used 5220K [0x00000000eb360000, 0x00000000f3cc0000, 0x0000000100000000)
  eden space 63488K, 0% used [0x00000000eb360000,0x00000000eb360000,0x00000000ef160000)
  from space 5248K, 99% used [0x00000000ef160000,0x00000000ef679278,0x00000000ef680000)
  to   space 6848K, 0% used [0x00000000f3610000,0x00000000f3610000,0x00000000f3cc0000)
 ParOldGen       total 42624K, used 3816K [0x00000000c1a00000, 0x00000000c43a0000, 0x00000000eb360000)
  object space 42624K, 8% used [0x00000000c1a00000,0x00000000c1dba3c8,0x00000000c43a0000)
 PSPermGen       total 21248K, used 2734K [0x00000000bc800000, 0x00000000bdcc0000, 0x00000000c1a00000)
  object space 21248K, 12% used [0x00000000bc800000,0x00000000bcaaba68,0x00000000bdcc0000)
}
Event: 2.157 GC heap before
{Heap before GC invocations=8 (full 0):
 PSYoungGen      total 68736K, used 68708K [0x00000000eb360000, 0x00000000f3cc0000, 0x0000000100000000)
  eden space 63488K, 100% used [0x00000000eb360000,0x00000000ef160000,0x00000000ef160000)
  from space 5248K, 99% used [0x00000000ef160000,0x00000000ef679278,0x00000000ef680000)
  to   space 6848K, 0% used [0x00000000f3610000,0x00000000f3610000,0x00000000f3cc0000)
 ParOldGen       total 42624K, used 3816K [0x00000000c1a00000, 0x00000000c43a0000, 0x00000000eb360000)
  object space 42624K, 8% used [0x00000000c1a00000,0x00000000c1dba3c8,0x00000000c43a0000)
 PSPermGen       total 21248K, used 2734K [0x00000000bc800000, 0x00000000bdcc0000, 0x00000000c1a00000)
  object space 21248K, 12% used [0x00000000bc800000,0x00000000bcaaba68,0x00000000bdcc0000)
Event: 2.165 GC heap after
Heap after GC invocations=8 (full 0):
 PSYoungGen      total 132224K, used 6838K [0x00000000eb360000, 0x00000000f3fe0000, 0x0000000100000000)
  eden space 125376K, 0% used [0x00000000eb360000,0x00000000eb360000,0x00000000f2dd0000)
  from space 6848K, 99% used [0x00000000f3610000,0x00000000f3cbdba8,0x00000000f3cc0000)
  to   space 8448K, 0% used [0x00000000f2dd0000,0x00000000f2dd0000,0x00000000f3610000)
 ParOldGen       total 42624K, used 4968K [0x00000000c1a00000, 0x00000000c43a0000, 0x00000000eb360000)
  object space 42624K, 11% used [0x00000000c1a00000,0x00000000c1eda3e8,0x00000000c43a0000)
 PSPermGen       total 21248K, used 2734K [0x00000000bc800000, 0x00000000bdcc0000, 0x00000000c1a00000)
  object space 21248K, 12% used [0x00000000bc800000,0x00000000bcaaba68,0x00000000bdcc0000)
}
Event: 2.250 GC heap before
{Heap before GC invocations=9 (full 0):
 PSYoungGen      total 132224K, used 132214K [0x00000000eb360000, 0x00000000f3fe0000, 0x0000000100000000)
  eden space 125376K, 100% used [0x00000000eb360000,0x00000000f2dd0000,0x00000000f2dd0000)
  from space 6848K, 99% used [0x00000000f3610000,0x00000000f3cbdba8,0x00000000f3cc0000)
  to   space 8448K, 0% used [0x00000000f2dd0000,0x00000000f2dd0000,0x00000000f3610000)
 ParOldGen       total 42624K, used 4968K [0x00000000c1a00000, 0x00000000c43a0000, 0x00000000eb360000)
  object space 42624K, 11% used [0x00000000c1a00000,0x00000000c1eda3e8,0x00000000c43a0000)
 PSPermGen       total 21248K, used 2734K [0x00000000bc800000, 0x00000000bdcc0000, 0x00000000c1a00000)
  object space 21248K, 12% used [0x00000000bc800000,0x00000000bcaaba68,0x00000000bdcc0000)
Event: 2.263 GC heap after
Heap after GC invocations=9 (full 0):
 PSYoungGen      total 133824K, used 8434K [0x00000000eb360000, 0x00000000f8d90000, 0x0000000100000000)
  eden space 125376K, 0% used [0x00000000eb360000,0x00000000eb360000,0x00000000f2dd0000)
  from space 8448K, 99% used [0x00000000f2dd0000,0x00000000f360c970,0x00000000f3610000)
  to   space 11392K, 0% used [0x00000000f8270000,0x00000000f8270000,0x00000000f8d90000)
 ParOldGen       total 42624K, used 8952K [0x00000000c1a00000, 0x00000000c43a0000, 0x00000000eb360000)
  object space 42624K, 21% used [0x00000000c1a00000,0x00000000c22be3e8,0x00000000c43a0000)
 PSPermGen       total 21248K, used 2734K [0x00000000bc800000, 0x00000000bdcc0000, 0x00000000c1a00000)
  object space 21248K, 12% used [0x00000000bc800000,0x00000000bcaaba68,0x00000000bdcc0000)
}

